<?xml version="1.0" encoding="UTF-8"?>
<!-- Generated by org.testng.reporters.JUnitReportReporter -->
<testsuite hostname="shailesh" failures="0" tests="1" name="scripts.Testcase2" time="47.533" errors="0" timestamp="2022-08-01T17:51:23 IST" skipped="0">
  <testcase classname="scripts.Testcase2" name="tc2" time="47.533"/>
  <system-out/>
</testsuite> <!-- scripts.Testcase2 -->
